Command line:
   t_controller_tb_4_isim_beh.exe
     -simmode  gui
     -simrunnum  0
     -socket  53196

Mon Apr 29 19:13:55 2019


 Elaboration Time: 0.15625 sec

 Current Memory Usage: 5828.58 Meg

 Total Signals          : 29
 Total Nets             : 18
 Total Signal Drivers   : 18
 Total Blocks           : 3
 Total Primitive Blocks : 2
 Total Processes        : 7
 Total Traceable Variables  : 15
 Total Scalar Nets and Variables : 385
Total Line Count : 137

 Total Simulation Time: 0.15625 sec

 Current Memory Usage: 5199.39 Meg

Mon Apr 29 19:17:08 2019

