Command line:
   t_bird_tb_isim_beh.exe
     -simmode  gui
     -simrunnum  0
     -socket  49530

Mon Apr 22 16:24:48 2019


 Elaboration Time: 0.09375 sec

 Current Memory Usage: 5828.73 Meg

 Total Signals          : 23
 Total Nets             : 13
 Total Signal Drivers   : 13
 Total Blocks           : 4
 Total Primitive Blocks : 3
 Total Processes        : 5
 Total Traceable Variables  : 16
 Total Scalar Nets and Variables : 499
Total Line Count : 106

 Total Simulation Time: 0.1875 sec

 Current Memory Usage: 5199.54 Meg

Mon Apr 22 16:27:11 2019

