Command line:
   top_FPGA_tb_isim_beh.exe
     -simmode  gui
     -simrunnum  0
     -socket  56899

Mon May 13 19:32:00 2019


 Elaboration Time: 0.0625 sec

 Current Memory Usage: 5832.88 Meg

 Total Signals          : 125
 Total Nets             : 4410
 Total Signal Drivers   : 57
 Total Blocks           : 16
 Total Primitive Blocks : 12
 Total Processes        : 24
 Total Traceable Variables  : 25
 Total Scalar Nets and Variables : 4905
Total Line Count : 341

 Total Simulation Time: 0.09375 sec

 Current Memory Usage: 5369.36 Meg

Mon May 13 19:42:16 2019

