Command line:
   t_bird_tb_3_isim_beh.exe
     -simmode  gui
     -simrunnum  0
     -socket  61133

Sun Apr 28 13:33:00 2019


 Elaboration Time: 0.0625 sec

 Current Memory Usage: 5829.47 Meg

 Total Signals          : 23
 Total Nets             : 13
 Total Signal Drivers   : 13
 Total Blocks           : 4
 Total Primitive Blocks : 3
 Total Processes        : 5
 Total Traceable Variables  : 16
 Total Scalar Nets and Variables : 499
Total Line Count : 106

 Total Simulation Time: 0.0625 sec

 Current Memory Usage: 5200.27 Meg

Sun Apr 28 13:35:50 2019

