Command line:
   t_controller_tb_5_isim_beh.exe
     -simmode  gui
     -simrunnum  0
     -socket  53304

Mon Apr 29 19:17:36 2019


 Elaboration Time: 0.0625 sec

 Current Memory Usage: 5829.14 Meg

 Total Signals          : 29
 Total Nets             : 18
 Total Signal Drivers   : 18
 Total Blocks           : 3
 Total Primitive Blocks : 2
 Total Processes        : 7
 Total Traceable Variables  : 15
 Total Scalar Nets and Variables : 385
Total Line Count : 129
Total Line Count : 129

 Total Simulation Time: 1.23438 sec

 Current Memory Usage: 5357.24 Meg

Mon Apr 29 19:27:17 2019

