ISim log file
Running: C:\Users\nishantaswani\Documents\GitHub\vhdl-craziness\Lab_4_bs3528_nsa325\VHDL\Top_Level_FPGA\top_FPGA_tb_isim_beh.exe -intstyle ise -gui -tclbatch isim.cmd -view C:/Users/nishantaswani/Documents/GitHub/vhdl-craziness/Lab_4_bs3528_nsa325/VHDL/Top_Level_FPGA/Default.wcfg -wdb C:/Users/nishantaswani/Documents/GitHub/vhdl-craziness/Lab_4_bs3528_nsa325/VHDL/Top_Level_FPGA/top_FPGA_tb_isim_beh.wdb 
ISim P.20131013 (signature 0x8ef4fb42)
WARNING: A WEBPACK license was found.
WARNING: Please use Xilinx License Configuration Manager to check out a full ISim license.
WARNING: ISim will run in Lite mode. Please refer to the ISim documentation for more information on the differences between the Lite and the Full version.
This is a Lite version of ISim.
Time resolution is 1 ps
# onerror resume
# run 1000 ns
Simulator is doing circuit initialization process.
at 0 ps, Instance /top_fpga_tb/uut/Instructions_ROM_inst/ : Warning: NUMERIC_STD.TO_INTEGER: metavalue detected, returning 0
at 0 ps, Instance /top_fpga_tb/uut/Registers_inst/ : Warning: NUMERIC_STD.TO_INTEGER: metavalue detected, returning 0
at 0 ps, Instance /top_fpga_tb/uut/Registers_inst/ : Warning: NUMERIC_STD.TO_INTEGER: metavalue detected, returning 0
at 0 ps, Instance /top_fpga_tb/uut/Display_Control_Unit_inst/Display_Signed_BCD_inst/ : Warning: NUMERIC_STD.">": metavalue detected, returning FALSE
at 0 ps, Instance /top_fpga_tb/uut/Display_Control_Unit_inst/Display_Signed_BCD_inst/ : Warning: NUMERIC_STD.">": metavalue detected, returning FALSE
at 0 ps, Instance /top_fpga_tb/uut/Display_Control_Unit_inst/Display_Signed_BCD_inst/ : Warning: NUMERIC_STD.">": metavalue detected, returning FALSE
at 0 ps, Instance /top_fpga_tb/uut/Display_Control_Unit_inst/Display_Signed_BCD_inst/ : Warning: NUMERIC_STD.">": metavalue detected, returning FALSE
at 0 ps, Instance /top_fpga_tb/uut/Display_Control_Unit_inst/Display_Signed_BCD_inst/ : Warning: NUMERIC_STD.">": metavalue detected, returning FALSE
at 0 ps, Instance /top_fpga_tb/uut/Display_Control_Unit_inst/Display_Signed_BCD_inst/ : Warning: NUMERIC_STD.">": metavalue detected, returning FALSE
at 0 ps, Instance /top_fpga_tb/uut/Display_Control_Unit_inst/Display_Signed_BCD_inst/ : Warning: NUMERIC_STD.">": metavalue detected, returning FALSE
at 0 ps, Instance /top_fpga_tb/uut/Display_Control_Unit_inst/Display_Signed_BCD_inst/ : Warning: NUMERIC_STD.">": metavalue detected, returning FALSE
at 0 ps, Instance /top_fpga_tb/uut/Display_Control_Unit_inst/Display_Signed_BCD_inst/ : Warning: NUMERIC_STD.">": metavalue detected, returning FALSE
at 0 ps, Instance /top_fpga_tb/uut/Display_Control_Unit_inst/Display_Signed_BCD_inst/ : Warning: NUMERIC_STD.">": metavalue detected, returning FALSE
Finished circuit initialization process.
at 0 ps, Instance /top_fpga_tb/uut/Instructions_ROM_inst/ : Warning: NUMERIC_STD.TO_INTEGER: metavalue detected, returning 0
at 55 ns(3), Instance /top_fpga_tb/uut/Display_Control_Unit_inst/Display_Signed_BCD_inst/ : Warning: NUMERIC_STD.">": metavalue detected, returning FALSE
at 55 ns(3), Instance /top_fpga_tb/uut/Display_Control_Unit_inst/Display_Signed_BCD_inst/ : Warning: NUMERIC_STD.">": metavalue detected, returning FALSE
at 55 ns(3), Instance /top_fpga_tb/uut/Display_Control_Unit_inst/Display_Signed_BCD_inst/ : Warning: NUMERIC_STD.">": metavalue detected, returning FALSE
at 55 ns(3), Instance /top_fpga_tb/uut/Display_Control_Unit_inst/Display_Signed_BCD_inst/ : Warning: NUMERIC_STD.">": metavalue detected, returning FALSE
at 55 ns(3), Instance /top_fpga_tb/uut/Display_Control_Unit_inst/Display_Signed_BCD_inst/ : Warning: NUMERIC_STD.">": metavalue detected, returning FALSE
at 55 ns(3), Instance /top_fpga_tb/uut/Display_Control_Unit_inst/Display_Signed_BCD_inst/ : Warning: NUMERIC_STD.">": metavalue detected, returning FALSE
at 55 ns(3), Instance /top_fpga_tb/uut/Display_Control_Unit_inst/Display_Signed_BCD_inst/ : Warning: NUMERIC_STD.">": metavalue detected, returning FALSE
at 55 ns(3), Instance /top_fpga_tb/uut/Display_Control_Unit_inst/Display_Signed_BCD_inst/ : Warning: NUMERIC_STD.">": metavalue detected, returning FALSE
at 55 ns(3), Instance /top_fpga_tb/uut/Display_Control_Unit_inst/Display_Signed_BCD_inst/ : Warning: NUMERIC_STD.">": metavalue detected, returning FALSE
at 55 ns(3), Instance /top_fpga_tb/uut/Display_Control_Unit_inst/Display_Signed_BCD_inst/ : Warning: NUMERIC_STD.">": metavalue detected, returning FALSE
at 135 ns(3), Instance /top_fpga_tb/uut/Display_Control_Unit_inst/Display_Signed_BCD_inst/ : Warning: NUMERIC_STD.">": metavalue detected, returning FALSE
at 135 ns(3), Instance /top_fpga_tb/uut/Display_Control_Unit_inst/Display_Signed_BCD_inst/ : Warning: NUMERIC_STD.">": metavalue detected, returning FALSE
at 135 ns(3), Instance /top_fpga_tb/uut/Display_Control_Unit_inst/Display_Signed_BCD_inst/ : Warning: NUMERIC_STD.">": metavalue detected, returning FALSE
at 135 ns(3), Instance /top_fpga_tb/uut/Display_Control_Unit_inst/Display_Signed_BCD_inst/ : Warning: NUMERIC_STD.">": metavalue detected, returning FALSE
at 135 ns(3), Instance /top_fpga_tb/uut/Display_Control_Unit_inst/Display_Signed_BCD_inst/ : Warning: NUMERIC_STD.">": metavalue detected, returning FALSE
at 135 ns(3), Instance /top_fpga_tb/uut/Display_Control_Unit_inst/Display_Signed_BCD_inst/ : Warning: NUMERIC_STD.">": metavalue detected, returning FALSE
at 135 ns(3), Instance /top_fpga_tb/uut/Display_Control_Unit_inst/Display_Signed_BCD_inst/ : Warning: NUMERIC_STD.">": metavalue detected, returning FALSE
at 135 ns(3), Instance /top_fpga_tb/uut/Display_Control_Unit_inst/Display_Signed_BCD_inst/ : Warning: NUMERIC_STD.">": metavalue detected, returning FALSE
at 135 ns(3), Instance /top_fpga_tb/uut/Display_Control_Unit_inst/Display_Signed_BCD_inst/ : Warning: NUMERIC_STD.">": metavalue detected, returning FALSE
at 135 ns(3), Instance /top_fpga_tb/uut/Display_Control_Unit_inst/Display_Signed_BCD_inst/ : Warning: NUMERIC_STD.">": metavalue detected, returning FALSE
at 215 ns(3), Instance /top_fpga_tb/uut/Display_Control_Unit_inst/Display_Signed_BCD_inst/ : Warning: NUMERIC_STD.">": metavalue detected, returning FALSE
at 215 ns(3), Instance /top_fpga_tb/uut/Display_Control_Unit_inst/Display_Signed_BCD_inst/ : Warning: NUMERIC_STD.">": metavalue detected, returning FALSE
at 215 ns(3), Instance /top_fpga_tb/uut/Display_Control_Unit_inst/Display_Signed_BCD_inst/ : Warning: NUMERIC_STD.">": metavalue detected, returning FALSE
at 215 ns(3), Instance /top_fpga_tb/uut/Display_Control_Unit_inst/Display_Signed_BCD_inst/ : Warning: NUMERIC_STD.">": metavalue detected, returning FALSE
at 215 ns(3), Instance /top_fpga_tb/uut/Display_Control_Unit_inst/Display_Signed_BCD_inst/ : Warning: NUMERIC_STD.">": metavalue detected, returning FALSE
at 215 ns(3), Instance /top_fpga_tb/uut/Display_Control_Unit_inst/Display_Signed_BCD_inst/ : Warning: NUMERIC_STD.">": metavalue detected, returning FALSE
at 215 ns(3), Instance /top_fpga_tb/uut/Display_Control_Unit_inst/Display_Signed_BCD_inst/ : Warning: NUMERIC_STD.">": metavalue detected, returning FALSE
at 215 ns(3), Instance /top_fpga_tb/uut/Display_Control_Unit_inst/Display_Signed_BCD_inst/ : Warning: NUMERIC_STD.">": metavalue detected, returning FALSE
at 215 ns(3), Instance /top_fpga_tb/uut/Display_Control_Unit_inst/Display_Signed_BCD_inst/ : Warning: NUMERIC_STD.">": metavalue detected, returning FALSE
at 215 ns(3), Instance /top_fpga_tb/uut/Display_Control_Unit_inst/Display_Signed_BCD_inst/ : Warning: NUMERIC_STD.">": metavalue detected, returning FALSE
at 295 ns(3), Instance /top_fpga_tb/uut/Display_Control_Unit_inst/Display_Signed_BCD_inst/ : Warning: NUMERIC_STD.">": metavalue detected, returning FALSE
at 295 ns(3), Instance /top_fpga_tb/uut/Display_Control_Unit_inst/Display_Signed_BCD_inst/ : Warning: NUMERIC_STD.">": metavalue detected, returning FALSE
at 295 ns(3), Instance /top_fpga_tb/uut/Display_Control_Unit_inst/Display_Signed_BCD_inst/ : Warning: NUMERIC_STD.">": metavalue detected, returning FALSE
at 295 ns(3), Instance /top_fpga_tb/uut/Display_Control_Unit_inst/Display_Signed_BCD_inst/ : Warning: NUMERIC_STD.">": metavalue detected, returning FALSE
at 295 ns(3), Instance /top_fpga_tb/uut/Display_Control_Unit_inst/Display_Signed_BCD_inst/ : Warning: NUMERIC_STD.">": metavalue detected, returning FALSE
at 295 ns(3), Instance /top_fpga_tb/uut/Display_Control_Unit_inst/Display_Signed_BCD_inst/ : Warning: NUMERIC_STD.">": metavalue detected, returning FALSE
at 295 ns(3), Instance /top_fpga_tb/uut/Display_Control_Unit_inst/Display_Signed_BCD_inst/ : Warning: NUMERIC_STD.">": metavalue detected, returning FALSE
at 295 ns(3), Instance /top_fpga_tb/uut/Display_Control_Unit_inst/Display_Signed_BCD_inst/ : Warning: NUMERIC_STD.">": metavalue detected, returning FALSE
at 295 ns(3), Instance /top_fpga_tb/uut/Display_Control_Unit_inst/Display_Signed_BCD_inst/ : Warning: NUMERIC_STD.">": metavalue detected, returning FALSE
at 295 ns(3), Instance /top_fpga_tb/uut/Display_Control_Unit_inst/Display_Signed_BCD_inst/ : Warning: NUMERIC_STD.">": metavalue detected, returning FALSE
at 375 ns(3), Instance /top_fpga_tb/uut/Display_Control_Unit_inst/Display_Signed_BCD_inst/ : Warning: NUMERIC_STD.">": metavalue detected, returning FALSE
at 375 ns(3), Instance /top_fpga_tb/uut/Display_Control_Unit_inst/Display_Signed_BCD_inst/ : Warning: NUMERIC_STD.">": metavalue detected, returning FALSE
at 375 ns(3), Instance /top_fpga_tb/uut/Display_Control_Unit_inst/Display_Signed_BCD_inst/ : Warning: NUMERIC_STD.">": metavalue detected, returning FALSE
at 375 ns(3), Instance /top_fpga_tb/uut/Display_Control_Unit_inst/Display_Signed_BCD_inst/ : Warning: NUMERIC_STD.">": metavalue detected, returning FALSE
at 375 ns(3), Instance /top_fpga_tb/uut/Display_Control_Unit_inst/Display_Signed_BCD_inst/ : Warning: NUMERIC_STD.">": metavalue detected, returning FALSE
at 375 ns(3), Instance /top_fpga_tb/uut/Display_Control_Unit_inst/Display_Signed_BCD_inst/ : Warning: NUMERIC_STD.">": metavalue detected, returning FALSE
at 375 ns(3), Instance /top_fpga_tb/uut/Display_Control_Unit_inst/Display_Signed_BCD_inst/ : Warning: NUMERIC_STD.">": metavalue detected, returning FALSE
at 375 ns(3), Instance /top_fpga_tb/uut/Display_Control_Unit_inst/Display_Signed_BCD_inst/ : Warning: NUMERIC_STD.">": metavalue detected, returning FALSE
at 375 ns(3), Instance /top_fpga_tb/uut/Display_Control_Unit_inst/Display_Signed_BCD_inst/ : Warning: NUMERIC_STD.">": metavalue detected, returning FALSE
at 375 ns(3), Instance /top_fpga_tb/uut/Display_Control_Unit_inst/Display_Signed_BCD_inst/ : Warning: NUMERIC_STD.">": metavalue detected, returning FALSE
at 455 ns(3), Instance /top_fpga_tb/uut/Display_Control_Unit_inst/Display_Signed_BCD_inst/ : Warning: NUMERIC_STD.">": metavalue detected, returning FALSE
at 455 ns(3), Instance /top_fpga_tb/uut/Display_Control_Unit_inst/Display_Signed_BCD_inst/ : Warning: NUMERIC_STD.">": metavalue detected, returning FALSE
at 455 ns(3), Instance /top_fpga_tb/uut/Display_Control_Unit_inst/Display_Signed_BCD_inst/ : Warning: NUMERIC_STD.">": metavalue detected, returning FALSE
at 455 ns(3), Instance /top_fpga_tb/uut/Display_Control_Unit_inst/Display_Signed_BCD_inst/ : Warning: NUMERIC_STD.">": metavalue detected, returning FALSE
at 455 ns(3), Instance /top_fpga_tb/uut/Display_Control_Unit_inst/Display_Signed_BCD_inst/ : Warning: NUMERIC_STD.">": metavalue detected, returning FALSE
at 455 ns(3), Instance /top_fpga_tb/uut/Display_Control_Unit_inst/Display_Signed_BCD_inst/ : Warning: NUMERIC_STD.">": metavalue detected, returning FALSE
at 455 ns(3), Instance /top_fpga_tb/uut/Display_Control_Unit_inst/Display_Signed_BCD_inst/ : Warning: NUMERIC_STD.">": metavalue detected, returning FALSE
at 455 ns(3), Instance /top_fpga_tb/uut/Display_Control_Unit_inst/Display_Signed_BCD_inst/ : Warning: NUMERIC_STD.">": metavalue detected, returning FALSE
at 455 ns(3), Instance /top_fpga_tb/uut/Display_Control_Unit_inst/Display_Signed_BCD_inst/ : Warning: NUMERIC_STD.">": metavalue detected, returning FALSE
at 455 ns(3), Instance /top_fpga_tb/uut/Display_Control_Unit_inst/Display_Signed_BCD_inst/ : Warning: NUMERIC_STD.">": metavalue detected, returning FALSE
at 545 ns(5), Instance /top_fpga_tb/uut/Registers_inst/ : Warning: NUMERIC_STD.TO_INTEGER: metavalue detected, returning 0
at 545 ns(7), Instance /top_fpga_tb/uut/Registers_inst/ : Warning: NUMERIC_STD.TO_INTEGER: metavalue detected, returning 0
at 555 ns(1), Instance /top_fpga_tb/uut/Registers_inst/ : Warning: NUMERIC_STD.TO_INTEGER: metavalue detected, returning 0
at 555 ns(2), Instance /top_fpga_tb/uut/Registers_inst/ : Warning: NUMERIC_STD.TO_INTEGER: metavalue detected, returning 0
at 555 ns(2), Instance /top_fpga_tb/uut/Registers_inst/ : Warning: NUMERIC_STD.TO_INTEGER: metavalue detected, returning 0
at 565 ns(1), Instance /top_fpga_tb/uut/Registers_inst/ : Warning: NUMERIC_STD.TO_INTEGER: metavalue detected, returning 0
at 575 ns(1), Instance /top_fpga_tb/uut/Registers_inst/ : Warning: NUMERIC_STD.TO_INTEGER: metavalue detected, returning 0
at 585 ns(1), Instance /top_fpga_tb/uut/Registers_inst/ : Warning: NUMERIC_STD.TO_INTEGER: metavalue detected, returning 0
at 595 ns(1), Instance /top_fpga_tb/uut/Registers_inst/ : Warning: NUMERIC_STD.TO_INTEGER: metavalue detected, returning 0
at 605 ns(1), Instance /top_fpga_tb/uut/Registers_inst/ : Warning: NUMERIC_STD.TO_INTEGER: metavalue detected, returning 0
at 615 ns(1), Instance /top_fpga_tb/uut/Registers_inst/ : Warning: NUMERIC_STD.TO_INTEGER: metavalue detected, returning 0
at 625 ns(1), Instance /top_fpga_tb/uut/Registers_inst/ : Warning: NUMERIC_STD.TO_INTEGER: metavalue detected, returning 0
at 635 ns(1), Instance /top_fpga_tb/uut/Registers_inst/ : Warning: NUMERIC_STD.TO_INTEGER: metavalue detected, returning 0
at 645 ns(1), Instance /top_fpga_tb/uut/Registers_inst/ : Warning: NUMERIC_STD.TO_INTEGER: metavalue detected, returning 0
at 655 ns(1), Instance /top_fpga_tb/uut/Registers_inst/ : Warning: NUMERIC_STD.TO_INTEGER: metavalue detected, returning 0
at 665 ns(1), Instance /top_fpga_tb/uut/Registers_inst/ : Warning: NUMERIC_STD.TO_INTEGER: metavalue detected, returning 0
at 675 ns(1), Instance /top_fpga_tb/uut/Registers_inst/ : Warning: NUMERIC_STD.TO_INTEGER: metavalue detected, returning 0
at 685 ns(1), Instance /top_fpga_tb/uut/Registers_inst/ : Warning: NUMERIC_STD.TO_INTEGER: metavalue detected, returning 0
at 695 ns(1), Instance /top_fpga_tb/uut/Registers_inst/ : Warning: NUMERIC_STD.TO_INTEGER: metavalue detected, returning 0
at 705 ns(1), Instance /top_fpga_tb/uut/Registers_inst/ : Warning: NUMERIC_STD.TO_INTEGER: metavalue detected, returning 0
at 715 ns(1), Instance /top_fpga_tb/uut/Registers_inst/ : Warning: NUMERIC_STD.TO_INTEGER: metavalue detected, returning 0
at 725 ns(1), Instance /top_fpga_tb/uut/Registers_inst/ : Warning: NUMERIC_STD.TO_INTEGER: metavalue detected, returning 0
at 735 ns(1), Instance /top_fpga_tb/uut/Registers_inst/ : Warning: NUMERIC_STD.TO_INTEGER: metavalue detected, returning 0
at 745 ns(1), Instance /top_fpga_tb/uut/Registers_inst/ : Warning: NUMERIC_STD.TO_INTEGER: metavalue detected, returning 0
at 755 ns(1), Instance /top_fpga_tb/uut/Registers_inst/ : Warning: NUMERIC_STD.TO_INTEGER: metavalue detected, returning 0
at 765 ns(1), Instance /top_fpga_tb/uut/Registers_inst/ : Warning: NUMERIC_STD.TO_INTEGER: metavalue detected, returning 0
at 775 ns(1), Instance /top_fpga_tb/uut/Registers_inst/ : Warning: NUMERIC_STD.TO_INTEGER: metavalue detected, returning 0
at 785 ns(1), Instance /top_fpga_tb/uut/Registers_inst/ : Warning: NUMERIC_STD.TO_INTEGER: metavalue detected, returning 0
at 795 ns(1), Instance /top_fpga_tb/uut/Registers_inst/ : Warning: NUMERIC_STD.TO_INTEGER: metavalue detected, returning 0
at 805 ns(1), Instance /top_fpga_tb/uut/Registers_inst/ : Warning: NUMERIC_STD.TO_INTEGER: metavalue detected, returning 0
at 815 ns(1), Instance /top_fpga_tb/uut/Registers_inst/ : Warning: NUMERIC_STD.TO_INTEGER: metavalue detected, returning 0
at 825 ns(1), Instance /top_fpga_tb/uut/Registers_inst/ : Warning: NUMERIC_STD.TO_INTEGER: metavalue detected, returning 0
at 835 ns(1), Instance /top_fpga_tb/uut/Registers_inst/ : Warning: NUMERIC_STD.TO_INTEGER: metavalue detected, returning 0
at 845 ns(1), Instance /top_fpga_tb/uut/Registers_inst/ : Warning: NUMERIC_STD.TO_INTEGER: metavalue detected, returning 0
at 855 ns(1), Instance /top_fpga_tb/uut/Registers_inst/ : Warning: NUMERIC_STD.TO_INTEGER: metavalue detected, returning 0
at 865 ns(1), Instance /top_fpga_tb/uut/Registers_inst/ : Warning: NUMERIC_STD.TO_INTEGER: metavalue detected, returning 0
at 875 ns(1), Instance /top_fpga_tb/uut/Registers_inst/ : Warning: NUMERIC_STD.TO_INTEGER: metavalue detected, returning 0
at 885 ns(1), Instance /top_fpga_tb/uut/Registers_inst/ : Warning: NUMERIC_STD.TO_INTEGER: metavalue detected, returning 0
at 895 ns(1), Instance /top_fpga_tb/uut/Registers_inst/ : Warning: NUMERIC_STD.TO_INTEGER: metavalue detected, returning 0
at 905 ns(1), Instance /top_fpga_tb/uut/Registers_inst/ : Warning: NUMERIC_STD.TO_INTEGER: metavalue detected, returning 0
at 915 ns(1), Instance /top_fpga_tb/uut/Registers_inst/ : Warning: NUMERIC_STD.TO_INTEGER: metavalue detected, returning 0
at 925 ns(1), Instance /top_fpga_tb/uut/Registers_inst/ : Warning: NUMERIC_STD.TO_INTEGER: metavalue detected, returning 0
at 935 ns(1), Instance /top_fpga_tb/uut/Registers_inst/ : Warning: NUMERIC_STD.TO_INTEGER: metavalue detected, returning 0
at 945 ns(1), Instance /top_fpga_tb/uut/Registers_inst/ : Warning: NUMERIC_STD.TO_INTEGER: metavalue detected, returning 0
at 955 ns(1), Instance /top_fpga_tb/uut/Registers_inst/ : Warning: NUMERIC_STD.TO_INTEGER: metavalue detected, returning 0
at 965 ns(1), Instance /top_fpga_tb/uut/Registers_inst/ : Warning: NUMERIC_STD.TO_INTEGER: metavalue detected, returning 0
at 975 ns(1), Instance /top_fpga_tb/uut/Registers_inst/ : Warning: NUMERIC_STD.TO_INTEGER: metavalue detected, returning 0
at 985 ns(1), Instance /top_fpga_tb/uut/Registers_inst/ : Warning: NUMERIC_STD.TO_INTEGER: metavalue detected, returning 0
at 995 ns(1), Instance /top_fpga_tb/uut/Registers_inst/ : Warning: NUMERIC_STD.TO_INTEGER: metavalue detected, returning 0
