Release 14.7 - ngc2edif P.20131013 (nt)
Copyright (c) 1995-2013 Xilinx, Inc.  All rights reserved.
Reading design top_FPGA.ngc ...
WARNING:NetListWriters:298 - No output is written to top_FPGA.xncf, ignored.
Processing design ...
   Preping design's networks ...
   Preping design's macros ...
WARNING:NetListWriters:306 - Signal bus instruction<15 : 0> on block top_FPGA is
   not reconstructed, because there are some missing bus signals.
  finished :Prep
Writing EDIF netlist file top_FPGA.edif ...
ngc2edif: Total memory usage is 85480 kilobytes

Release 14.7 - ngc2edif P.20131013 (nt)
Copyright (c) 1995-2013 Xilinx, Inc.  All rights reserved.
Reading design top_FPGA.ngc ...
WARNING:NetListWriters:298 - No output is written to top_FPGA.xncf, ignored.
Processing design ...
   Preping design's networks ...
   Preping design's macros ...
WARNING:NetListWriters:306 - Signal bus instruction<15 : 0> on block top_FPGA is
   not reconstructed, because there are some missing bus signals.
  finished :Prep
Writing EDIF netlist file top_FPGA.edif ...
ngc2edif: Total memory usage is 84340 kilobytes

Release 14.7 - ngc2edif P.20131013 (nt)
Copyright (c) 1995-2013 Xilinx, Inc.  All rights reserved.
Reading design top_FPGA.ngc ...
WARNING:NetListWriters:298 - No output is written to top_FPGA.xncf, ignored.
Processing design ...
   Preping design's networks ...
   Preping design's macros ...
WARNING:NetListWriters:306 - Signal bus instruction<15 : 0> on block top_FPGA is
   not reconstructed, because there are some missing bus signals.
  finished :Prep
Writing EDIF netlist file top_FPGA.edif ...
ngc2edif: Total memory usage is 84340 kilobytes

Release 14.7 - ngc2edif P.20131013 (nt)
Copyright (c) 1995-2013 Xilinx, Inc.  All rights reserved.
Reading design top_FPGA.ngc ...
WARNING:NetListWriters:298 - No output is written to top_FPGA.xncf, ignored.
Processing design ...
   Preping design's networks ...
   Preping design's macros ...
  finished :Prep
Writing EDIF netlist file top_FPGA.edif ...
ngc2edif: Total memory usage is 84340 kilobytes

