Command line:
   t_controller_tb_3_isim_beh.exe
     -simmode  gui
     -simrunnum  0
     -socket  52481

Mon Apr 29 18:50:36 2019


 Elaboration Time: 0.046875 sec

 Current Memory Usage: 5828.64 Meg

 Total Signals          : 29
 Total Nets             : 18
 Total Signal Drivers   : 18
 Total Blocks           : 3
 Total Primitive Blocks : 2
 Total Processes        : 7
 Total Traceable Variables  : 15
 Total Scalar Nets and Variables : 385
Total Line Count : 137
Total Line Count : 137

 Total Simulation Time: 1.48438 sec

 Current Memory Usage: 5356.74 Meg

Mon Apr 29 18:58:35 2019

